
*** Running vivado
    with args -log signext_testbench.vds -m64 -product Vivado -mode batch -messageDb vivado.pb -notrace -source signext_testbench.tcl



****** Vivado v2021.2 (64-bit)
  **** SW Build 3367213 on Tue Oct 19 02:48:09 MDT 2021
  **** IP Build 3369179 on Thu Oct 21 08:25:16 MDT 2021
    ** Copyright 1986-2021 Xilinx, Inc. All Rights Reserved.

source signext_testbench.tcl -notrace
Command: read_checkpoint -auto_incremental -incremental C:/Users/floss/CS21_HDL_Lab1/CS21_HDL_Lab1.srcs/utils_1/imports/synth_1/regfile.dcp
INFO: [Vivado 12-5825] Read reference checkpoint from C:/Users/floss/CS21_HDL_Lab1/CS21_HDL_Lab1.srcs/utils_1/imports/synth_1/regfile.dcp for incremental synthesis
INFO: [Vivado 12-7989] Please ensure there are no constraint changes
Command: synth_design -top signext_testbench -part xc7k70tfbv676-1
Starting synth_design
Attempting to get a license for feature 'Synthesis' and/or device 'xc7k70t'
INFO: [Common 17-349] Got license for feature 'Synthesis' and/or device 'xc7k70t'
INFO: [Synth 8-7079] Multithreading enabled for synth_design using a maximum of 2 processes.
INFO: [Synth 8-7078] Launching helper process for spawning children vivado processes
INFO: [Synth 8-7075] Helper process launched with PID 7420
ERROR: [Synth 8-522] parsing error: error in timescale or timeprecision statement. <timeprecision> must be at least as precise as <timeunit> [C:/Users/floss/CS21_HDL_Lab1/CS21_HDL_Lab1.srcs/sources_1/new/signext_testbench.sv:1]
INFO: [Synth 8-2350] module signext_testbench ignored due to previous errors [C:/Users/floss/CS21_HDL_Lab1/CS21_HDL_Lab1.srcs/sources_1/new/signext_testbench.sv:3]
---------------------------------------------------------------------------------
Starting Synthesize : Time (s): cpu = 00:00:03 ; elapsed = 00:00:04 . Memory (MB): peak = 1261.211 ; gain = 0.000
---------------------------------------------------------------------------------
ERROR: [Synth 8-439] module 'signext_testbench' not found
---------------------------------------------------------------------------------
Finished Synthesize : Time (s): cpu = 00:00:03 ; elapsed = 00:00:04 . Memory (MB): peak = 1261.211 ; gain = 0.000
---------------------------------------------------------------------------------
synthesize failed
INFO: [Common 17-83] Releasing license: Synthesis
8 Infos, 0 Warnings, 0 Critical Warnings and 3 Errors encountered.
synth_design failed
ERROR: [Common 17-69] Command failed: Vivado Synthesis failed
INFO: [Common 17-206] Exiting Vivado at Thu Nov 17 10:54:56 2022...
