Vivado Simulator v2021.2
Copyright 1986-1999, 2001-2021 Xilinx, Inc. All Rights Reserved.
Running: C:/Xilinx/Vivado/2021.2/bin/unwrapped/win64.o/xelab.exe --incr --debug typical --relax --mt 2 -L xil_defaultlib -L uvm -L unisims_ver -L unimacro_ver -L secureip --snapshot li_testbench_behav xil_defaultlib.li_testbench xil_defaultlib.glbl -log elaborate.log 
Using 2 slave threads.
Starting static elaboration
Pass Through NonSizing Optimizer
Completed static elaboration
Starting simulation data flow analysis
WARNING: [XSIM 43-4099] "C:/arcanum/cs21-lab-exercises/machine_prob_2/CS21_ExtendedMips/CS21_ExtendedMips.srcs/sources_1/new/adder.sv" Line 1. Module adder(N=32) doesn't have a timescale but at least one module in design has a timescale.
WARNING: [XSIM 43-4099] "C:/arcanum/cs21-lab-exercises/machine_prob_2/CS21_ExtendedMips/CS21_ExtendedMips.srcs/sources_1/new/adder.sv" Line 1. Module adder(N=32) doesn't have a timescale but at least one module in design has a timescale.
WARNING: [XSIM 43-4099] "C:/arcanum/cs21-lab-exercises/machine_prob_2/CS21_ExtendedMips/CS21_ExtendedMips.srcs/sources_1/new/alu.sv" Line 1. Module alu doesn't have a timescale but at least one module in design has a timescale.
WARNING: [XSIM 43-4099] "C:/arcanum/cs21-lab-exercises/machine_prob_2/CS21_ExtendedMips/CS21_ExtendedMips.srcs/sources_1/new/adder.sv" Line 1. Module adder(N=32) doesn't have a timescale but at least one module in design has a timescale.
WARNING: [XSIM 43-4099] "C:/arcanum/cs21-lab-exercises/machine_prob_2/CS21_ExtendedMips/CS21_ExtendedMips.srcs/sources_1/new/adder.sv" Line 1. Module adder(N=32) doesn't have a timescale but at least one module in design has a timescale.
WARNING: [XSIM 43-4099] "C:/arcanum/cs21-lab-exercises/machine_prob_2/CS21_ExtendedMips/CS21_ExtendedMips.srcs/sources_1/new/alu.sv" Line 1. Module alu doesn't have a timescale but at least one module in design has a timescale.
Completed simulation data flow analysis
Time Resolution for simulation is 1ps
Compiling module xil_defaultlib.maindec
Compiling module xil_defaultlib.aludec
Compiling module xil_defaultlib.controller
Compiling module xil_defaultlib.flopr(WIDTH=32)
Compiling module xil_defaultlib.adder(N=32)
Compiling module xil_defaultlib.sl2
Compiling module xil_defaultlib.mux2(WIDTH=32)
Compiling module xil_defaultlib.regfile
Compiling module xil_defaultlib.mux2(WIDTH=5)
Compiling module xil_defaultlib.signext
Compiling module xil_defaultlib.alu
Compiling module xil_defaultlib.datapath
Compiling module xil_defaultlib.mips
Compiling module xil_defaultlib.imem
Compiling module xil_defaultlib.dmem
Compiling module xil_defaultlib.top
Compiling module xil_defaultlib.li_testbench
Compiling module xil_defaultlib.glbl
Built simulation snapshot li_testbench_behav
